# JRE version: OpenJDK Runtime Environment (21.0.5) (build 21.0.5+-13047016-b750.29)
# Java VM: OpenJDK 64-Bit Server VM (21.0.5+-13047016-b750.29, mixed mode, tiered, compressed oops, compressed class ptrs, g1 gc, windows-amd64)
GC Precious Log:
 CardTable entry size: 512
 Card Set container configuration: InlinePtr #cards 5 size 8 Array Of Cards #cards 12 size 40 Howl #buckets 4 coarsen threshold 1843 Howl Bitmap #cards 512 size 80 coarsen threshold 460 Card regions per heap region 1 cards per card region 2048
 CPUs: 4 total, 4 available
 Memory: 8151M
 Large Page Support: Disabled
 NUMA Support: Disabled
 Compressed Oops: Enabled (32-bit)
 Heap Region Size: 1M
 Heap Min Capacity: 8M
 Heap Initial Capacity: 128M
 Heap Max Capacity: 2G
 Pre-touch: Disabled
 Parallel Workers: 4
 Concurrent Workers: 1
 Concurrent Refinement Workers: 4
 Periodic GC: Disabled
Heap:
 garbage-first heap   total 301056K, used 212992K [0x0000000080000000, 0x0000000100000000)
  region size 1024K, 28 young (28672K), 7 survivors (7168K)
 Metaspace       used 170219K, committed 172800K, reserved 1245184K
  class space    used 22316K, committed 23616K, reserved 1048576K
GC Heap History (20 events):
Event: 1183.777 GC heap before
{Heap before GC invocations=72 (full 0):
 garbage-first heap   total 258048K, used 230798K [0x0000000080000000, 0x0000000100000000)
  region size 1024K, 84 young (86016K), 11 survivors (11264K)
 Metaspace       used 168139K, committed 170688K, reserved 1245184K
  class space    used 22281K, committed 23552K, reserved 1048576K
}
Event: 1184.038 GC heap after
{Heap after GC invocations=73 (full 0):
 garbage-first heap   total 258048K, used 152209K [0x0000000080000000, 0x0000000100000000)
  region size 1024K, 2 young (2048K), 2 survivors (2048K)
 Metaspace       used 168139K, committed 170688K, reserved 1245184K
  class space    used 22281K, committed 23552K, reserved 1048576K
}
Event: 1189.660 GC heap before
{Heap before GC invocations=74 (full 0):
 garbage-first heap   total 258048K, used 241297K [0x0000000080000000, 0x0000000100000000)
  region size 1024K, 89 young (91136K), 2 survivors (2048K)
 Metaspace       used 168393K, committed 170880K, reserved 1245184K
  class space    used 22279K, committed 23552K, reserved 1048576K
}
Event: 1189.705 GC heap after
{Heap after GC invocations=75 (full 0):
 garbage-first heap   total 258048K, used 165888K [0x0000000080000000, 0x0000000100000000)
  region size 1024K, 12 young (12288K), 12 survivors (12288K)
 Metaspace       used 168393K, committed 170880K, reserved 1245184K
  class space    used 22279K, committed 23552K, reserved 1048576K
}
Event: 1195.105 GC heap before
{Heap before GC invocations=75 (full 0):
 garbage-first heap   total 258048K, used 245760K [0x0000000080000000, 0x0000000100000000)
  region size 1024K, 76 young (77824K), 12 survivors (12288K)
 Metaspace       used 168578K, committed 171072K, reserved 1245184K
  class space    used 22286K, committed 23552K, reserved 1048576K
}
Event: 1195.265 GC heap after
{Heap after GC invocations=76 (full 0):
 garbage-first heap   total 277504K, used 177152K [0x0000000080000000, 0x0000000100000000)
  region size 1024K, 10 young (10240K), 10 survivors (10240K)
 Metaspace       used 168578K, committed 171072K, reserved 1245184K
  class space    used 22286K, committed 23552K, reserved 1048576K
}
Event: 1195.852 GC heap before
{Heap before GC invocations=76 (full 0):
 garbage-first heap   total 277504K, used 182272K [0x0000000080000000, 0x0000000100000000)
  region size 1024K, 15 young (15360K), 10 survivors (10240K)
 Metaspace       used 168610K, committed 171136K, reserved 1245184K
  class space    used 22286K, committed 23552K, reserved 1048576K
}
Event: 1195.964 GC heap after
{Heap after GC invocations=77 (full 0):
 garbage-first heap   total 277504K, used 180224K [0x0000000080000000, 0x0000000100000000)
  region size 1024K, 2 young (2048K), 2 survivors (2048K)
 Metaspace       used 168610K, committed 171136K, reserved 1245184K
  class space    used 22286K, committed 23552K, reserved 1048576K
}
Event: 1217.486 GC heap before
{Heap before GC invocations=78 (full 0):
 garbage-first heap   total 288768K, used 226304K [0x0000000080000000, 0x0000000100000000)
  region size 1024K, 55 young (56320K), 2 survivors (2048K)
 Metaspace       used 168693K, committed 171200K, reserved 1245184K
  class space    used 22282K, committed 23552K, reserved 1048576K
}
Event: 1217.530 GC heap after
{Heap after GC invocations=79 (full 0):
 garbage-first heap   total 288768K, used 173361K [0x0000000080000000, 0x0000000100000000)
  region size 1024K, 3 young (3072K), 3 survivors (3072K)
 Metaspace       used 168693K, committed 171200K, reserved 1245184K
  class space    used 22282K, committed 23552K, reserved 1048576K
}
Event: 1226.674 GC heap before
{Heap before GC invocations=79 (full 0):
 garbage-first heap   total 288768K, used 262449K [0x0000000080000000, 0x0000000100000000)
  region size 1024K, 85 young (87040K), 3 survivors (3072K)
 Metaspace       used 169381K, committed 171968K, reserved 1245184K
  class space    used 22308K, committed 23616K, reserved 1048576K
}
Event: 1226.804 GC heap after
{Heap after GC invocations=80 (full 0):
 garbage-first heap   total 288768K, used 162710K [0x0000000080000000, 0x0000000100000000)
  region size 1024K, 5 young (5120K), 5 survivors (5120K)
 Metaspace       used 169381K, committed 171968K, reserved 1245184K
  class space    used 22308K, committed 23616K, reserved 1048576K
}
Event: 1228.671 GC heap before
{Heap before GC invocations=80 (full 0):
 garbage-first heap   total 288768K, used 170902K [0x0000000080000000, 0x0000000100000000)
  region size 1024K, 14 young (14336K), 5 survivors (5120K)
 Metaspace       used 169404K, committed 172032K, reserved 1245184K
  class space    used 22308K, committed 23616K, reserved 1048576K
}
Event: 1228.680 GC heap after
{Heap after GC invocations=81 (full 0):
 garbage-first heap   total 288768K, used 157811K [0x0000000080000000, 0x0000000100000000)
  region size 1024K, 2 young (2048K), 2 survivors (2048K)
 Metaspace       used 169404K, committed 172032K, reserved 1245184K
  class space    used 22308K, committed 23616K, reserved 1048576K
}
Event: 1236.500 GC heap before
{Heap before GC invocations=82 (full 0):
 garbage-first heap   total 288768K, used 268403K [0x0000000080000000, 0x0000000100000000)
  region size 1024K, 102 young (104448K), 2 survivors (2048K)
 Metaspace       used 169893K, committed 172480K, reserved 1245184K
  class space    used 22309K, committed 23616K, reserved 1048576K
}
Event: 1236.520 GC heap after
{Heap after GC invocations=83 (full 0):
 garbage-first heap   total 288768K, used 149711K [0x0000000080000000, 0x0000000100000000)
  region size 1024K, 2 young (2048K), 2 survivors (2048K)
 Metaspace       used 169893K, committed 172480K, reserved 1245184K
  class space    used 22309K, committed 23616K, reserved 1048576K
}
Event: 1289.273 GC heap before
{Heap before GC invocations=83 (full 0):
 garbage-first heap   total 288768K, used 269519K [0x0000000080000000, 0x0000000100000000)
  region size 1024K, 118 young (120832K), 2 survivors (2048K)
 Metaspace       used 170161K, committed 172736K, reserved 1245184K
  class space    used 22316K, committed 23616K, reserved 1048576K
}
Event: 1289.450 GC heap after
{Heap after GC invocations=84 (full 0):
 garbage-first heap   total 301056K, used 168351K [0x0000000080000000, 0x0000000100000000)
  region size 1024K, 15 young (15360K), 15 survivors (15360K)
 Metaspace       used 170161K, committed 172736K, reserved 1245184K
  class space    used 22316K, committed 23616K, reserved 1048576K
}
Event: 1291.306 GC heap before
{Heap before GC invocations=84 (full 0):
 garbage-first heap   total 301056K, used 186783K [0x0000000080000000, 0x0000000100000000)
  region size 1024K, 34 young (34816K), 15 survivors (15360K)
 Metaspace       used 170181K, committed 172800K, reserved 1245184K
  class space    used 22316K, committed 23616K, reserved 1048576K
}
Event: 1291.357 GC heap after
{Heap after GC invocations=85 (full 0):
 garbage-first heap   total 301056K, used 178176K [0x0000000080000000, 0x0000000100000000)
  region size 1024K, 7 young (7168K), 7 survivors (7168K)
 Metaspace       used 170181K, committed 172800K, reserved 1245184K
  class space    used 22316K, committed 23616K, reserved 1048576K
}

